[0m16:27:35.271892 [debug] [MainThread]: Sending event: {'category': 'dbt', 'action': 'invocation', 'label': 'start', 'context': [<snowplow_tracker.self_describing_json.SelfDescribingJson object at 0x00000219282DF4D0>, <snowplow_tracker.self_describing_json.SelfDescribingJson object at 0x000002192A713C50>, <snowplow_tracker.self_describing_json.SelfDescribingJson object at 0x000002192A7139D0>]}


============================== 16:27:35.287672 | f7a3d0bb-127f-4a73-ab4e-a4af118c0f27 ==============================
[0m16:27:35.287672 [info ] [MainThread]: Running with dbt=1.11.11
[0m16:27:35.289033 [debug] [MainThread]: running dbt with arguments {'version_check': 'True', 'no_print': 'None', 'static_parser': 'True', 'target_path': 'None', 'warn_error_options': 'WarnErrorOptionsV2(error=[], warn=[], silence=[])', 'printer_width': '80', 'write_json': 'True', 'empty': 'None', 'log_cache_events': 'False', 'introspect': 'True', 'cache_selected_only': 'False', 'fail_fast': 'False', 'debug': 'False', 'log_format': 'default', 'profiles_dir': 'C:\\Users\\User\\.dbt', 'send_anonymous_usage_stats': 'True', 'quiet': 'False', 'warn_error': 'None', 'partial_parse': 'True', 'use_colors': 'True', 'invocation_command': 'dbt init nexaiq_dbt', 'indirect_selection': 'eager', 'use_experimental_parser': 'False', 'log_path': 'logs'}
[0m16:27:35.312862 [info ] [MainThread]: Creating dbt configuration folder at C:\Users\User\.dbt
[0m16:27:35.315661 [debug] [MainThread]: Starter project path: C:\Users\User\AppData\Roaming\Python\Python313\site-packages\dbt\include\starter_project
[0m16:27:35.365745 [info ] [MainThread]: 
Your new dbt project "nexaiq_dbt" was created!

For more information on how to configure the profiles.yml file,
please consult the dbt documentation here:

  https://docs.getdbt.com/docs/configure-your-profile

One more thing:

Need help? Don't hesitate to reach out to us via GitHub issues or on Slack:

  https://community.getdbt.com/

Happy modeling!

[0m16:27:35.367067 [info ] [MainThread]: Setting up your profile.
[0m16:31:01.801226 [info ] [MainThread]: Profile nexaiq_dbt written to C:\Users\User\.dbt\profiles.yml using target's profile_template.yml and your supplied values. Run 'dbt debug' to validate the connection.
[0m16:31:01.802737 [debug] [MainThread]: Command `dbt init` succeeded at 16:31:01.802544 after 206.75 seconds
[0m16:31:01.803425 [debug] [MainThread]: Sending event: {'category': 'dbt', 'action': 'invocation', 'label': 'end', 'context': [<snowplow_tracker.self_describing_json.SelfDescribingJson object at 0x000002192A773CE0>, <snowplow_tracker.self_describing_json.SelfDescribingJson object at 0x000002192A9195B0>, <snowplow_tracker.self_describing_json.SelfDescribingJson object at 0x00000219295CFDF0>]}
[0m16:31:01.804062 [debug] [MainThread]: Flushing usage events
[0m16:31:03.310378 [debug] [MainThread]: An error was encountered while trying to flush usage events
